npm verb cli /usr/local/bin/node /usr/local/bin/npm
npm info using npm@9.5.0
npm info using node@v18.15.0
npm verb title npm install
npm verb argv "install" "--legacy-peer-deps" "--loglevel" "verbose"
npm verb logfile logs-max:10 dir:/Users/work/.npm/_logs/2023-09-29T06_04_19_652Z-
npm verb logfile /Users/work/.npm/_logs/2023-09-29T06_04_19_652Z-debug-0.log
npm http fetch GET 200 https://registry.npmjs.org/cypress 1160ms (cache revalidated)
npm http fetch GET 200 https://registry.npmjs.org/cypress-plugin-xhr-toggle 791ms (cache revalidated)
npm http fetch GET 200 https://registry.npmjs.org/cypress-real-events 927ms (cache revalidated)
npm http fetch GET 200 https://registry.npmjs.org/@percy%2fcli 1766ms (cache revalidated)
npm http fetch GET 200 https://registry.npmjs.org/@percy%2fcypress 1223ms (cache revalidated)
npm http fetch GET 200 https://registry.npmjs.org/commander 65ms (cache hit)
npm http fetch GET 200 https://registry.npmjs.org/execa 64ms (cache hit)
npm http fetch GET 200 https://registry.npmjs.org/@types%2fnode 74ms (cache hit)
npm http fetch GET 200 https://registry.npmjs.org/fs-extra 75ms (cache hit)
npm http fetch GET 200 https://registry.npmjs.org/is-ci 74ms (cache hit)
npm http fetch GET 200 https://registry.npmjs.org/semver 70ms (cache hit)
npm http fetch GET 200 https://registry.npmjs.org/@types%2fsizzle 230ms (cache revalidated)
npm http fetch GET 200 https://registry.npmjs.org/arch 238ms (cache revalidated)
npm http fetch GET 200 https://registry.npmjs.org/@cypress%2frequest 284ms (cache revalidated)
npm http fetch GET 200 https://registry.npmjs.org/@cypress%2fxvfb 286ms (cache revalidated)
npm http fetch GET 200 https://registry.npmjs.org/chalk 297ms (cache revalidated)
npm http fetch GET 200 https://registry.npmjs.org/debug 305ms (cache revalidated)
npm http fetch GET 200 https://registry.npmjs.org/cli-table3 340ms (cache revalidated)
npm http fetch GET 200 https://registry.npmjs.org/eventemitter2 381ms (cache revalidated)
npm http fetch GET 200 https://registry.npmjs.org/blob-util 484ms (cache revalidated)
npm http fetch GET 200 https://registry.npmjs.org/common-tags 480ms (cache revalidated)
npm http fetch GET 200 https://registry.npmjs.org/cachedir 483ms (cache revalidated)
npm http fetch GET 200 https://registry.npmjs.org/bluebird 486ms (cache revalidated)
npm http fetch GET 200 https://registry.npmjs.org/listr2 528ms (cache revalidated)
npm http fetch GET 200 https://registry.npmjs.org/extract-zip 545ms (cache revalidated)
npm http fetch GET 200 https://registry.npmjs.org/lodash 550ms (cache revalidated)
npm http fetch GET 200 https://registry.npmjs.org/executable 557ms (cache revalidated)
npm http fetch GET 200 https://registry.npmjs.org/getos 621ms (cache revalidated)
npm http fetch GET 200 https://registry.npmjs.org/log-symbols 619ms (cache revalidated)
npm http fetch GET 200 https://registry.npmjs.org/figures 688ms (cache revalidated)
npm http fetch GET 200 https://registry.npmjs.org/cli-cursor 768ms (cache revalidated)
npm http fetch GET 200 https://registry.npmjs.org/pretty-bytes 822ms (cache revalidated)
npm http fetch GET 200 https://registry.npmjs.org/ospath 827ms (cache revalidated)
npm http fetch GET 200 https://registry.npmjs.org/request-progress 890ms (cache revalidated)
npm http fetch GET 200 https://registry.npmjs.org/is-installed-globally 995ms (cache revalidated)
npm http fetch GET 200 https://registry.npmjs.org/check-more-types 1003ms (cache revalidated)
npm http fetch GET 200 https://registry.npmjs.org/tmp 993ms (cache revalidated)
npm http fetch GET 200 https://registry.npmjs.org/process 1048ms (cache revalidated)
npm http fetch GET 200 https://registry.npmjs.org/buffer 1063ms (cache revalidated)
npm http fetch GET 200 https://registry.npmjs.org/proxy-from-env 1067ms (cache revalidated)
npm http fetch GET 200 https://registry.npmjs.org/yauzl 1103ms (cache revalidated)
npm http fetch GET 200 https://registry.npmjs.org/untildify 1108ms (cache revalidated)
npm http fetch GET 200 https://registry.npmjs.org/supports-color 1125ms (cache revalidated)
npm http fetch GET 200 https://registry.npmjs.org/minimist 1186ms (cache revalidated)
npm http fetch GET 200 https://registry.npmjs.org/enquirer 1223ms (cache revalidated)
npm http fetch GET 200 https://registry.npmjs.org/@percy%2fclient 1248ms (cache revalidated)
npm http fetch GET 200 https://registry.npmjs.org/lazy-ass 1304ms (cache revalidated)
npm http fetch GET 200 https://registry.npmjs.org/@percy%2fcli-config 1353ms (cache revalidated)
npm http fetch GET 200 https://registry.npmjs.org/dayjs 1399ms (cache revalidated)
npm http fetch GET 200 https://registry.npmjs.org/@percy%2fcli-exec 1537ms (cache revalidated)
npm http fetch GET 200 https://registry.npmjs.org/@types%2fsinonjs__fake-timers 1583ms (cache revalidated)
npm http fetch GET 200 https://registry.npmjs.org/@percy%2fcli-app 1817ms (cache revalidated)
npm http fetch GET 200 https://registry.npmjs.org/@percy%2fsdk-utils 1864ms (cache revalidated)
npm http fetch GET 200 https://registry.npmjs.org/@percy%2flogger 1933ms (cache revalidated)
npm http fetch GET 200 https://registry.npmjs.org/@percy%2fcli-command 1979ms (cache revalidated)
npm http fetch GET 200 https://registry.npmjs.org/@percy%2fcli-snapshot 2057ms (cache revalidated)
npm http fetch GET 200 https://registry.npmjs.org/@percy%2fcli-upload 2297ms (cache revalidated)
npm http fetch GET 200 https://registry.npmjs.org/@percy%2fcli-build 2863ms (cache revalidated)
npm http fetch GET 200 https://registry.npmjs.org/image-size 69ms (cache revalidated)
npm http fetch GET 200 https://registry.npmjs.org/cross-spawn 75ms (cache revalidated)
npm http fetch GET 200 https://registry.npmjs.org/which 102ms (cache revalidated)
npm http fetch GET 200 https://registry.npmjs.org/fast-glob 107ms (cache revalidated)
npm http fetch GET 200 https://registry.npmjs.org/yaml 266ms (cache revalidated)
npm http fetch GET 200 https://registry.npmjs.org/@percy%2fcore 749ms (cache revalidated)
npm http fetch GET 200 https://registry.npmjs.org/@percy%2fenv 1794ms (cache revalidated)
npm http fetch GET 200 https://registry.npmjs.org/@percy%2fconfig 1838ms (cache revalidated)
npm http fetch GET 200 https://registry.npmjs.org/ajv 35ms (cache hit)
npm http fetch GET 200 https://registry.npmjs.org/rimraf 30ms (cache hit)
npm http fetch GET 200 https://registry.npmjs.org/micromatch 102ms (cache revalidated)
npm http fetch GET 200 https://registry.npmjs.org/cosmiconfig 108ms (cache revalidated)
npm http fetch GET 200 https://registry.npmjs.org/mime-types 113ms (cache revalidated)
npm http fetch GET 200 https://registry.npmjs.org/content-disposition 123ms (cache revalidated)
npm http fetch GET 200 https://registry.npmjs.org/path-to-regexp 158ms (cache revalidated)
npm http fetch GET 200 https://registry.npmjs.org/ws 159ms (cache revalidated)
npm http fetch GET 200 https://registry.npmjs.org/@percy%2fwebdriver-utils 1684ms (cache revalidated)
npm http fetch GET 200 https://registry.npmjs.org/@percy%2fdom 1759ms (cache revalidated)
npm http fetch GET 200 https://registry.npmjs.org/path-key 83ms (cache revalidated)
npm http fetch GET 200 https://registry.npmjs.org/isexe 85ms (cache revalidated)
npm http fetch GET 200 https://registry.npmjs.org/shebang-command 98ms (cache revalidated)
npm http fetch GET 200 https://registry.npmjs.org/glob-parent 11ms (cache hit)
npm http fetch GET 200 https://registry.npmjs.org/@nodelib%2ffs.walk 184ms (cache revalidated)
npm http fetch GET 200 https://registry.npmjs.org/merge2 184ms (cache revalidated)
npm http fetch GET 200 https://registry.npmjs.org/@nodelib%2ffs.stat 187ms (cache revalidated)
npm http fetch GET 200 https://registry.npmjs.org/queue 185ms (cache revalidated)
npm http fetch GET 200 https://registry.npmjs.org/fast-deep-equal 16ms (cache hit)
npm http fetch GET 200 https://registry.npmjs.org/json-schema-traverse 16ms (cache hit)
npm http fetch GET 200 https://registry.npmjs.org/uri-js 17ms (cache hit)
npm http fetch GET 200 https://registry.npmjs.org/js-yaml 15ms (cache hit)
npm http fetch GET 200 https://registry.npmjs.org/path-type 80ms (cache revalidated)
npm http fetch GET 200 https://registry.npmjs.org/parse-json 83ms (cache revalidated)
npm http fetch GET 200 https://registry.npmjs.org/import-fresh 87ms (cache revalidated)
npm http fetch GET 200 https://registry.npmjs.org/require-from-string 126ms (cache revalidated)
npm http fetch GET 200 https://registry.npmjs.org/picomatch 10ms (cache hit)
npm http fetch GET 200 https://registry.npmjs.org/get-stream 13ms (cache hit)
npm http fetch GET 200 https://registry.npmjs.org/braces 13ms (cache hit)
npm http fetch GET 200 https://registry.npmjs.org/safe-buffer 18ms (cache hit)
npm http fetch GET 200 https://registry.npmjs.org/glob 15ms (cache hit)
npm http fetch GET 200 https://registry.npmjs.org/@types%2fyauzl 101ms (cache revalidated)
npm http fetch GET 200 https://registry.npmjs.org/mime-db 100ms (cache revalidated)
npm http fetch GET 200 https://registry.npmjs.org/punycode 105ms (cache revalidated)
npm http fetch GET 200 https://registry.npmjs.org/argparse 11ms (cache hit)
npm http fetch GET 200 https://registry.npmjs.org/error-ex 151ms (cache revalidated)
npm http fetch GET 200 https://registry.npmjs.org/lines-and-columns 151ms (cache revalidated)
npm http fetch GET 200 https://registry.npmjs.org/parent-module 158ms (cache revalidated)
npm http fetch GET 200 https://registry.npmjs.org/@babel%2fcode-frame 156ms (cache revalidated)
npm http fetch GET 200 https://registry.npmjs.org/resolve-from 158ms (cache revalidated)
npm http fetch GET 200 https://registry.npmjs.org/json-parse-even-better-errors 157ms (cache revalidated)
npm http fetch GET 200 https://registry.npmjs.org/shebang-regex 100ms (cache revalidated)
npm http fetch GET 200 https://registry.npmjs.org/http-signature 54ms (cache hit)
npm http fetch GET 200 https://registry.npmjs.org/qs 53ms (cache hit)
npm http fetch GET 200 https://registry.npmjs.org/tough-cookie 53ms (cache hit)
npm http fetch GET 200 https://registry.npmjs.org/uuid 53ms (cache hit)
npm http fetch GET 200 https://registry.npmjs.org/pify 47ms (cache hit)
npm http fetch GET 200 https://registry.npmjs.org/ms 51ms (cache hit)
npm http fetch GET 200 https://registry.npmjs.org/ansi-colors 51ms (cache hit)
npm http fetch GET 200 https://registry.npmjs.org/human-signals 50ms (cache hit)
npm http fetch GET 200 https://registry.npmjs.org/strip-ansi 50ms (cache hit)
npm http fetch GET 200 https://registry.npmjs.org/ci-info 47ms (cache hit)
npm http fetch GET 200 https://registry.npmjs.org/universalify 47ms (cache hit)
npm http fetch GET 200 https://registry.npmjs.org/async 47ms (cache hit)
npm http fetch GET 200 https://registry.npmjs.org/escape-string-regexp 49ms (cache hit)
npm http fetch GET 200 https://registry.npmjs.org/jsonfile 48ms (cache hit)
npm http fetch GET 200 https://registry.npmjs.org/string-width 54ms (cache hit)
npm http fetch GET 200 https://registry.npmjs.org/is-stream 52ms (cache hit)
npm http fetch GET 200 https://registry.npmjs.org/ansi-styles 55ms (cache hit)
npm http fetch GET 200 https://registry.npmjs.org/wrap-ansi 45ms (cache hit)
npm http fetch GET 200 https://registry.npmjs.org/base64-js 96ms (cache revalidated)
npm http fetch GET 200 https://registry.npmjs.org/npm-run-path 92ms (cache revalidated)
npm http fetch GET 200 https://registry.npmjs.org/extend 105ms (cache revalidated)
npm http fetch GET 200 https://registry.npmjs.org/forever-agent 111ms (cache revalidated)
npm http fetch GET 200 https://registry.npmjs.org/json-stringify-safe 107ms (cache revalidated)
npm http fetch GET 200 https://registry.npmjs.org/combined-stream 111ms (cache revalidated)
npm http fetch GET 200 https://registry.npmjs.org/tunnel-agent 135ms (cache revalidated)
npm http fetch GET 200 https://registry.npmjs.org/aws4 142ms (cache revalidated)
npm http fetch GET 200 https://registry.npmjs.org/caseless 142ms (cache revalidated)
npm http fetch GET 200 https://registry.npmjs.org/merge-stream 133ms (cache revalidated)
npm http fetch GET 200 https://registry.npmjs.org/@colors%2fcolors 143ms (cache revalidated)
npm http fetch GET 200 https://registry.npmjs.org/ieee754 145ms (cache revalidated)
npm http fetch GET 200 https://registry.npmjs.org/restore-cursor 150ms (cache revalidated)
npm http fetch GET 200 https://registry.npmjs.org/signal-exit 189ms (cache revalidated)
npm http fetch GET 200 https://registry.npmjs.org/strip-final-newline 193ms (cache revalidated)
npm http fetch GET 200 https://registry.npmjs.org/p-map 199ms (cache revalidated)
npm http fetch GET 200 https://registry.npmjs.org/is-path-inside 201ms (cache revalidated)
npm http fetch GET 200 https://registry.npmjs.org/rxjs 200ms (cache revalidated)
npm http fetch GET 200 https://registry.npmjs.org/graceful-fs 210ms (cache revalidated)
npm http fetch GET 200 https://registry.npmjs.org/at-least-node 215ms (cache revalidated)
npm http fetch GET 200 https://registry.npmjs.org/cli-truncate 245ms (cache revalidated)
npm http fetch GET 200 https://registry.npmjs.org/through 244ms (cache revalidated)
npm http fetch GET 200 https://registry.npmjs.org/form-data 273ms (cache revalidated)
npm http fetch GET 200 https://registry.npmjs.org/has-flag 255ms (cache revalidated)
npm http fetch GET 200 https://registry.npmjs.org/is-unicode-supported 357ms (cache revalidated)
npm http fetch GET 200 https://registry.npmjs.org/colorette 359ms (cache revalidated)
npm http fetch GET 200 https://registry.npmjs.org/global-dirs 361ms (cache revalidated)
npm http fetch GET 200 https://registry.npmjs.org/fd-slicer 356ms (cache revalidated)
npm http fetch GET 200 https://registry.npmjs.org/log-update 361ms (cache revalidated)
npm http fetch GET 200 https://registry.npmjs.org/lru-cache 359ms (cache revalidated)
npm http fetch GET 200 https://registry.npmjs.org/buffer-crc32 395ms (cache revalidated)
npm http fetch GET 200 https://registry.npmjs.org/is-typedarray 438ms (cache revalidated)
npm http fetch GET 200 https://registry.npmjs.org/isstream 895ms (cache revalidated)
npm http fetch GET 200 https://registry.npmjs.org/onetime 888ms (cache revalidated)
npm http fetch GET 200 https://registry.npmjs.org/performance-now 896ms (cache revalidated)
npm http fetch GET 200 https://registry.npmjs.org/aws-sign2 903ms (cache revalidated)
npm http fetch GET 200 https://registry.npmjs.org/lodash.once 895ms (cache revalidated)
npm http fetch GET 200 https://registry.npmjs.org/rfdc 956ms (cache revalidated)
npm http fetch GET 200 https://registry.npmjs.org/throttleit 962ms (cache revalidated)
npm http fetch GET 200 https://registry.npmjs.org/jsprim 10ms (cache hit)
npm http fetch GET 200 https://registry.npmjs.org/psl 72ms (cache revalidated)
npm http fetch GET 200 https://registry.npmjs.org/url-parse 71ms (cache revalidated)
npm http fetch GET 200 https://registry.npmjs.org/side-channel 73ms (cache revalidated)
npm http fetch GET 200 https://registry.npmjs.org/assert-plus 77ms (cache revalidated)
npm http fetch GET 200 https://registry.npmjs.org/asynckit 77ms (cache revalidated)
npm http fetch GET 200 https://registry.npmjs.org/delayed-stream 78ms (cache revalidated)
npm http fetch GET 200 https://registry.npmjs.org/sshpk 78ms (cache revalidated)
npm http fetch GET 200 https://registry.npmjs.org/color-convert 2ms (cache hit)
npm http fetch GET 200 https://registry.npmjs.org/color-name 1ms (cache hit)
npm http fetch GET 200 https://registry.npmjs.org/emoji-regex 7ms (cache hit)
npm http fetch GET 200 https://registry.npmjs.org/is-fullwidth-code-point 7ms (cache hit)
npm http fetch GET 200 https://registry.npmjs.org/ansi-regex 8ms (cache hit)
npm http fetch GET 200 https://registry.npmjs.org/mimic-fn 63ms (cache revalidated)
npm http fetch GET 200 https://registry.npmjs.org/pump 64ms (cache revalidated)
npm http fetch GET 200 https://registry.npmjs.org/is-glob 3ms (cache hit)
npm http fetch GET 200 https://registry.npmjs.org/fastq 80ms (cache revalidated)
npm http fetch GET 200 https://registry.npmjs.org/@nodelib%2ffs.scandir 288ms (cache revalidated)
npm http fetch GET 200 https://registry.npmjs.org/reusify 118ms (cache revalidated)
npm http fetch GET 200 https://registry.npmjs.org/run-parallel 119ms (cache revalidated)
npm http fetch GET 200 https://registry.npmjs.org/queue-microtask 82ms (cache revalidated)
npm http fetch GET 200 https://registry.npmjs.org/once 76ms (cache revalidated)
npm http fetch GET 200 https://registry.npmjs.org/end-of-stream 89ms (cache revalidated)
npm http fetch GET 200 https://registry.npmjs.org/is-extglob 3ms (cache hit)
npm http fetch GET 200 https://registry.npmjs.org/safer-buffer 172ms (cache revalidated)
npm http fetch GET 200 https://registry.npmjs.org/dashdash 174ms (cache revalidated)
npm http fetch GET 200 https://registry.npmjs.org/json-schema 177ms (cache revalidated)
npm http fetch GET 200 https://registry.npmjs.org/getpass 175ms (cache revalidated)
npm http fetch GET 200 https://registry.npmjs.org/asn1 177ms (cache revalidated)
npm http fetch GET 200 https://registry.npmjs.org/ecc-jsbn 173ms (cache revalidated)
npm http fetch GET 200 https://registry.npmjs.org/extsprintf 180ms (cache revalidated)
npm http fetch GET 200 https://registry.npmjs.org/jsbn 175ms (cache revalidated)
npm http fetch GET 200 https://registry.npmjs.org/tweetnacl 266ms (cache revalidated)
npm http fetch GET 200 https://registry.npmjs.org/verror 784ms (cache revalidated)
npm http fetch GET 200 https://registry.npmjs.org/bcrypt-pbkdf 783ms (cache revalidated)
npm http fetch GET 200 https://registry.npmjs.org/inherits 89ms (cache revalidated)
npm http fetch GET 200 https://registry.npmjs.org/callsites 94ms (cache revalidated)
npm http fetch GET 200 https://registry.npmjs.org/ini 5ms (cache hit)
npm http fetch GET 200 https://registry.npmjs.org/core-util-is 86ms (cache revalidated)
npm http fetch GET 200 https://registry.npmjs.org/slice-ansi 12ms (cache hit)
npm http fetch GET 200 https://registry.npmjs.org/slice-ansi 11ms (cache hit)
npm http fetch GET 200 https://registry.npmjs.org/aggregate-error 188ms (cache revalidated)
npm http fetch GET 200 https://registry.npmjs.org/ansi-escapes 204ms (cache revalidated)
npm http fetch GET 200 https://registry.npmjs.org/tslib 210ms (cache revalidated)
npm http fetch GET 200 https://registry.npmjs.org/astral-regex 5ms (cache hit)
npm http fetch GET 200 https://registry.npmjs.org/type-fest 5ms (cache hit)
npm http fetch GET 200 https://registry.npmjs.org/fill-range 6ms (cache hit)
npm http fetch GET 200 https://registry.npmjs.org/to-regex-range 4ms (cache hit)
npm http fetch GET 200 https://registry.npmjs.org/is-number 3ms (cache hit)
npm http fetch GET 200 https://registry.npmjs.org/indent-string 81ms (cache revalidated)
npm http fetch GET 200 https://registry.npmjs.org/clean-stack 82ms (cache revalidated)
npm http fetch GET 200 https://registry.npmjs.org/is-arrayish 79ms (cache revalidated)
npm http fetch GET 200 https://registry.npmjs.org/@babel%2fhighlight 81ms (cache revalidated)
npm http fetch GET 200 https://registry.npmjs.org/@babel%2fhelper-validator-identifier 105ms (cache revalidated)
npm http fetch GET 200 https://registry.npmjs.org/js-tokens 105ms (cache revalidated)
npm http fetch GET 200 https://registry.npmjs.org/wrappy 142ms (cache revalidated)
npm http fetch GET 200 https://registry.npmjs.org/get-intrinsic 101ms (cache revalidated)
npm http fetch GET 200 https://registry.npmjs.org/call-bind 107ms (cache revalidated)
npm http fetch GET 200 https://registry.npmjs.org/object-inspect 105ms (cache revalidated)
npm http fetch GET 200 https://registry.npmjs.org/minimatch 12ms (cache hit)
npm http fetch GET 200 https://registry.npmjs.org/path-is-absolute 71ms (cache revalidated)
npm http fetch GET 200 https://registry.npmjs.org/inflight 100ms (cache revalidated)
npm http fetch GET 200 https://registry.npmjs.org/fs.realpath 111ms (cache revalidated)
npm http fetch GET 200 https://registry.npmjs.org/brace-expansion 5ms (cache hit)
npm http fetch GET 200 https://registry.npmjs.org/balanced-match 75ms (cache revalidated)
npm http fetch GET 200 https://registry.npmjs.org/concat-map 87ms (cache revalidated)
npm http fetch GET 200 https://registry.npmjs.org/yallist 116ms (cache revalidated)
npm http fetch GET 200 https://registry.npmjs.org/has 92ms (cache revalidated)
npm http fetch GET 200 https://registry.npmjs.org/has-symbols 95ms (cache revalidated)
npm http fetch GET 200 https://registry.npmjs.org/function-bind 98ms (cache revalidated)
npm http fetch GET 200 https://registry.npmjs.org/has-proto 114ms (cache revalidated)
npm http fetch GET 200 https://registry.npmjs.org/querystringify 96ms (cache revalidated)
npm http fetch GET 200 https://registry.npmjs.org/requires-port 124ms (cache revalidated)
npm http fetch GET 200 https://registry.npmjs.org/pend 106ms (cache revalidated)
npm http fetch POST 200 https://registry.npmjs.org/-/npm/v1/security/advisories/bulk 348ms
npm info run @percy/core@1.27.2 postinstall node_modules/@percy/core node ./post-install
npm info run cypress@12.17.4 postinstall node_modules/cypress node index.js --exec install
npm info run @percy/core@1.27.2 postinstall { code: 0, signal: null }
npm info run cypress@12.17.4 postinstall { code: 0, signal: null }

added 255 packages, and audited 256 packages in 19s

43 packages are looking for funding
  run `npm fund` for details

2 moderate severity vulnerabilities

To address all issues (including breaking changes), run:
  npm audit fix --force

Run `npm audit` for details.
npm verb exit 0
npm info ok 
